---------------------------------------------------------------
[ 2019-09-09T16:11:39+08:00 ] 0.0.0.0 GET localhost/IS/public/
[运行时间：2.790976s] [吞吐率：0.36req/s] [内存消耗：3,194.44kb] [文件加载：122]
[ info ] [ BEHAVIOR ] Run Closure @app_init [ RunTime:0.018255s ]
[ info ] [ CACHE ] INIT File
[ info ] [ BEHAVIOR ] Run Closure @app_init [ RunTime:0.087127s ]
[ info ] [ LANG ] D:\AppServ\www\IS\thinkphp\lang\zh-cn.php
[ info ] [ ROUTE ] array (
  'type' => 'module',
  'module' => 
  array (
    0 => '',
    1 => NULL,
    2 => NULL,
  ),
)
[ info ] [ HEADER ] array (
  'host' => 'localhost',
  'connection' => 'keep-alive',
  'upgrade-insecure-requests' => '1',
  'user-agent' => 'Mozilla/5.0 (Windows NT 10.0; WOW64) AppleWebKit/537.36 (KHTML, like Gecko) Chrome/70.0.3538.25 Safari/537.36 Core/1.70.3730.400 QQBrowser/10.5.3805.400',
  'accept' => 'text/html,application/xhtml+xml,application/xml;q=0.9,image/webp,image/apng,*/*;q=0.8',
  'referer' => 'http://localhost/IS/',
  'accept-encoding' => 'gzip, deflate, br',
  'accept-language' => 'zh-CN,zh;q=0.9',
)
[ info ] [ PARAM ] array (
)
[ info ] [ BEHAVIOR ] Run app\common\behavior\Common @module_init [ RunTime:0.055159s ]
[ info ] [ RUN ] app\origin\controller\Index->index[ D:\AppServ\www\IS\application\origin\controller\Index.php ]
[ info ] [ DB ] INIT mysql
[ info ] [ VIEW ] D:\AppServ\www\IS\public/../application/origin\view\index\index.html [ array (
) ]
[ info ] [ LOG ] INIT File
[ sql ] [ DB ] CONNECT:[ UseTime:0.137770s ] mysql:host=localhost;dbname=is;charset=utf8
[ sql ] [ SQL ] SHOW COLUMNS FROM `visitor_s_record` [ RunTime:0.156945s ]
[ sql ] [ SQL ] INSERT INTO `visitor_s_record` (`ip_address` , `time` , `site`) VALUES ('::1' , '2019-09-09 16:11:38' , '综合系统主页') [ RunTime:0.059303s ]
