---------------------------------------------------------------
[ 2019-09-29T20:02:08+08:00 ] 0.0.0.0 GET localhost/IS/public/
[运行时间：1.459699s] [吞吐率：0.69req/s] [内存消耗：3,194.58kb] [文件加载：122]
[ info ] [ BEHAVIOR ] Run Closure @app_init [ RunTime:0.024771s ]
[ info ] [ CACHE ] INIT File
[ info ] [ BEHAVIOR ] Run Closure @app_init [ RunTime:0.080078s ]
[ info ] [ LANG ] D:\AppServ\www\IS\thinkphp\lang\zh-cn.php
[ info ] [ ROUTE ] array (
  'type' => 'module',
  'module' => 
  array (
    0 => '',
    1 => NULL,
    2 => NULL,
  ),
)
[ info ] [ HEADER ] array (
  'host' => 'localhost',
  'connection' => 'keep-alive',
  'upgrade-insecure-requests' => '1',
  'user-agent' => 'Mozilla/5.0 (Windows NT 10.0; WOW64) AppleWebKit/537.36 (KHTML, like Gecko) Chrome/70.0.3538.25 Safari/537.36 Core/1.70.3732.400 QQBrowser/10.5.3819.400',
  'accept' => 'text/html,application/xhtml+xml,application/xml;q=0.9,image/webp,image/apng,*/*;q=0.8',
  'referer' => 'http://localhost/IS/',
  'accept-encoding' => 'gzip, deflate, br',
  'accept-language' => 'zh-CN,zh;q=0.9',
)
[ info ] [ PARAM ] array (
)
[ info ] [ BEHAVIOR ] Run app\common\behavior\Common @module_init [ RunTime:0.055520s ]
[ info ] [ RUN ] app\origin\controller\Index->index[ D:\AppServ\www\IS\application\origin\controller\Index.php ]
[ info ] [ DB ] INIT mysql
[ info ] [ VIEW ] D:\AppServ\www\IS\public/../application/origin\view\index\index.html [ array (
) ]
[ info ] [ LOG ] INIT File
[ sql ] [ DB ] CONNECT:[ UseTime:0.166773s ] mysql:host=localhost;dbname=is;charset=utf8
[ sql ] [ SQL ] SHOW COLUMNS FROM `visitor_s_record` [ RunTime:0.209720s ]
[ sql ] [ SQL ] INSERT INTO `visitor_s_record` (`ip_address` , `time` , `site`) VALUES ('::1' , '2019-09-29 20:02:07' , '综合系统主页') [ RunTime:0.091756s ]
---------------------------------------------------------------
[ 2019-09-29T20:02:26+08:00 ] 0.0.0.0 GET localhost/IS/public/secondclass
[运行时间：0.285168s] [吞吐率：3.51req/s] [内存消耗：3,247.54kb] [文件加载：123]
[ info ] [ BEHAVIOR ] Run Closure @app_init [ RunTime:0.000016s ]
[ info ] [ CACHE ] INIT File
[ info ] [ BEHAVIOR ] Run Closure @app_init [ RunTime:0.004168s ]
[ info ] [ LANG ] D:\AppServ\www\IS\thinkphp\lang\zh-cn.php
[ info ] [ ROUTE ] array (
  'type' => 'module',
  'module' => 'origin/secondfetch/index/index',
)
[ info ] [ HEADER ] array (
  'host' => 'localhost',
  'connection' => 'keep-alive',
  'upgrade-insecure-requests' => '1',
  'user-agent' => 'Mozilla/5.0 (Windows NT 10.0; WOW64) AppleWebKit/537.36 (KHTML, like Gecko) Chrome/70.0.3538.25 Safari/537.36 Core/1.70.3732.400 QQBrowser/10.5.3819.400',
  'accept' => 'text/html,application/xhtml+xml,application/xml;q=0.9,image/webp,image/apng,*/*;q=0.8',
  'referer' => 'http://localhost/IS/public/',
  'accept-encoding' => 'gzip, deflate, br',
  'accept-language' => 'zh-CN,zh;q=0.9',
)
[ info ] [ PARAM ] array (
)
[ info ] [ BEHAVIOR ] Run app\common\behavior\Common @module_init [ RunTime:0.003282s ]
[ info ] [ RUN ] app\origin\controller\Secondfetch->index[ D:\AppServ\www\IS\application\origin\controller\Secondfetch.php ]
[ info ] [ DB ] INIT mysql
[ info ] [ VIEW ] D:\AppServ\www\IS\public/../application/origin\view\secondfetch\index.html [ array (
) ]
[ info ] [ LOG ] INIT File
[ sql ] [ DB ] CONNECT:[ UseTime:0.011247s ] mysql:host=localhost;dbname=is;charset=utf8
[ sql ] [ SQL ] SHOW COLUMNS FROM `visitor_s_record` [ RunTime:0.002134s ]
[ sql ] [ SQL ] INSERT INTO `visitor_s_record` (`ip_address` , `time` , `site`) VALUES ('::1' , '2019-09-29 20:02:26' , '第二课堂主页') [ RunTime:0.064583s ]
---------------------------------------------------------------
[ 2019-09-29T20:02:26+08:00 ] 0.0.0.0 GET localhost/IS/public/course.html
[运行时间：0.275201s] [吞吐率：3.63req/s] [内存消耗：3,249.64kb] [文件加载：121]
[ info ] [ BEHAVIOR ] Run Closure @app_init [ RunTime:0.000024s ]
[ info ] [ CACHE ] INIT File
[ info ] [ BEHAVIOR ] Run Closure @app_init [ RunTime:0.004219s ]
[ info ] [ LANG ] D:\AppServ\www\IS\thinkphp\lang\zh-cn.php
[ info ] [ ROUTE ] array (
  'type' => 'module',
  'module' => 'origin/secondclass/course/index',
)
[ info ] [ HEADER ] array (
  'host' => 'localhost',
  'connection' => 'keep-alive',
  'accept' => 'application/json, text/javascript, */*; q=0.01',
  'x-requested-with' => 'XMLHttpRequest',
  'user-agent' => 'Mozilla/5.0 (Windows NT 10.0; WOW64) AppleWebKit/537.36 (KHTML, like Gecko) Chrome/70.0.3538.25 Safari/537.36 Core/1.70.3732.400 QQBrowser/10.5.3819.400',
  'referer' => 'http://localhost/IS/public/secondclass',
  'accept-encoding' => 'gzip, deflate, br',
  'accept-language' => 'zh-CN,zh;q=0.9',
)
[ info ] [ PARAM ] array (
)
[ info ] [ BEHAVIOR ] Run app\common\behavior\Common @module_init [ RunTime:0.003719s ]
[ info ] [ RUN ] app\origin\controller\Secondclass->course[ D:\AppServ\www\IS\application\origin\controller\Secondclass.php ]
[ info ] [ DB ] INIT mysql
[ info ] [ LOG ] INIT File
[ sql ] [ DB ] CONNECT:[ UseTime:0.010622s ] mysql:host=localhost;dbname=is;charset=utf8
[ sql ] [ SQL ] SHOW COLUMNS FROM `course` [ RunTime:0.052958s ]
[ sql ] [ SQL ] SELECT * FROM `course` [ RunTime:0.013781s ]
---------------------------------------------------------------
[ 2019-09-29T20:02:34+08:00 ] 0.0.0.0 GET localhost/IS/public/forum
[运行时间：0.376778s] [吞吐率：2.65req/s] [内存消耗：3,454.84kb] [文件加载：125]
[ info ] [ BEHAVIOR ] Run Closure @app_init [ RunTime:0.000050s ]
[ info ] [ CACHE ] INIT File
[ info ] [ BEHAVIOR ] Run Closure @app_init [ RunTime:0.004227s ]
[ info ] [ LANG ] D:\AppServ\www\IS\thinkphp\lang\zh-cn.php
[ info ] [ ROUTE ] array (
  'type' => 'module',
  'module' => 'origin/forumfetch/index/index',
)
[ info ] [ HEADER ] array (
  'host' => 'localhost',
  'connection' => 'keep-alive',
  'upgrade-insecure-requests' => '1',
  'user-agent' => 'Mozilla/5.0 (Windows NT 10.0; WOW64) AppleWebKit/537.36 (KHTML, like Gecko) Chrome/70.0.3538.25 Safari/537.36 Core/1.70.3732.400 QQBrowser/10.5.3819.400',
  'accept' => 'text/html,application/xhtml+xml,application/xml;q=0.9,image/webp,image/apng,*/*;q=0.8',
  'referer' => 'http://localhost/IS/public/secondclass',
  'accept-encoding' => 'gzip, deflate, br',
  'accept-language' => 'zh-CN,zh;q=0.9',
)
[ info ] [ PARAM ] array (
)
[ info ] [ BEHAVIOR ] Run app\common\behavior\Common @module_init [ RunTime:0.003171s ]
[ info ] [ RUN ] app\origin\controller\Forumfetch->index[ D:\AppServ\www\IS\application\origin\controller\Forumfetch.php ]
[ info ] [ DB ] INIT mysql
[ info ] [ VIEW ] D:\AppServ\www\IS\public/../application/origin\view\forumfetch\index.html [ array (
) ]
[ info ] [ LOG ] INIT File
[ sql ] [ DB ] CONNECT:[ UseTime:0.011354s ] mysql:host=localhost;dbname=is;charset=utf8
[ sql ] [ SQL ] SHOW COLUMNS FROM `visitor_s_record` [ RunTime:0.002365s ]
[ sql ] [ SQL ] INSERT INTO `visitor_s_record` (`ip_address` , `time` , `site`) VALUES ('::1' , '2019-09-29 20:02:34' , '论坛主页') [ RunTime:0.043752s ]
---------------------------------------------------------------
[ 2019-09-29T20:02:34+08:00 ] 0.0.0.0 POST localhost/IS/public/issimlogin.html
[运行时间：0.143947s] [吞吐率：6.95req/s] [内存消耗：2,271.59kb] [文件加载：113]
[ info ] [ BEHAVIOR ] Run Closure @app_init [ RunTime:0.000257s ]
[ info ] [ CACHE ] INIT File
[ info ] [ BEHAVIOR ] Run Closure @app_init [ RunTime:0.008803s ]
[ info ] [ LANG ] D:\AppServ\www\IS\thinkphp\lang\zh-cn.php
[ info ] [ ROUTE ] array (
  'type' => 'module',
  'module' => 'origin/issimlogin/is_sim_login/index',
)
[ info ] [ HEADER ] array (
  'host' => 'localhost',
  'connection' => 'keep-alive',
  'content-length' => '0',
  'accept' => 'application/json, text/javascript, */*; q=0.01',
  'origin' => 'http://localhost',
  'x-requested-with' => 'XMLHttpRequest',
  'user-agent' => 'Mozilla/5.0 (Windows NT 10.0; WOW64) AppleWebKit/537.36 (KHTML, like Gecko) Chrome/70.0.3538.25 Safari/537.36 Core/1.70.3732.400 QQBrowser/10.5.3819.400',
  'referer' => 'http://localhost/IS/public/forum',
  'accept-encoding' => 'gzip, deflate, br',
  'accept-language' => 'zh-CN,zh;q=0.9',
  'cookie' => 'forum_type=index',
)
[ info ] [ PARAM ] array (
)
[ info ] [ BEHAVIOR ] Run app\common\behavior\Common @module_init [ RunTime:0.006733s ]
[ info ] [ RUN ] app\origin\controller\Issimlogin->is_sim_login[ D:\AppServ\www\IS\application\origin\controller\Issimlogin.php ]
[ info ] [ LOG ] INIT File
---------------------------------------------------------------
[ 2019-09-29T20:02:34+08:00 ] 0.0.0.0 POST localhost/IS/public/module_get.html
[运行时间：0.252472s] [吞吐率：3.96req/s] [内存消耗：3,239.16kb] [文件加载：121]
[ info ] [ BEHAVIOR ] Run Closure @app_init [ RunTime:0.000023s ]
[ info ] [ CACHE ] INIT File
[ info ] [ BEHAVIOR ] Run Closure @app_init [ RunTime:0.008378s ]
[ info ] [ LANG ] D:\AppServ\www\IS\thinkphp\lang\zh-cn.php
[ info ] [ ROUTE ] array (
  'type' => 'module',
  'module' => 'origin/forum/index/index',
)
[ info ] [ HEADER ] array (
  'host' => 'localhost',
  'connection' => 'keep-alive',
  'content-length' => '0',
  'accept' => 'application/json, text/javascript, */*; q=0.01',
  'origin' => 'http://localhost',
  'x-requested-with' => 'XMLHttpRequest',
  'user-agent' => 'Mozilla/5.0 (Windows NT 10.0; WOW64) AppleWebKit/537.36 (KHTML, like Gecko) Chrome/70.0.3538.25 Safari/537.36 Core/1.70.3732.400 QQBrowser/10.5.3819.400',
  'referer' => 'http://localhost/IS/public/forum',
  'accept-encoding' => 'gzip, deflate, br',
  'accept-language' => 'zh-CN,zh;q=0.9',
  'cookie' => 'forum_type=index',
)
[ info ] [ PARAM ] array (
)
[ info ] [ BEHAVIOR ] Run app\common\behavior\Common @module_init [ RunTime:0.004825s ]
[ info ] [ RUN ] app\origin\controller\Forum->index[ D:\AppServ\www\IS\application\origin\controller\Forum.php ]
[ info ] [ DB ] INIT mysql
[ info ] [ LOG ] INIT File
[ sql ] [ DB ] CONNECT:[ UseTime:0.001508s ] mysql:host=localhost;dbname=is;charset=utf8
[ sql ] [ SQL ] SHOW COLUMNS FROM `forum_module` [ RunTime:0.027694s ]
[ sql ] [ SQL ] SELECT * FROM `forum_module` [ RunTime:0.000245s ]
